# JRE version: Java(TM) SE Runtime Environment (8.0_301-b09) (build 1.8.0_301-b09)
# Java VM: Java HotSpot(TM) 64-Bit Server VM (25.301-b09 mixed mode windows-amd64 compressed oops)
Heap:
 PSYoungGen      total 238080K, used 79488K [0x0000000715b00000, 0x0000000725e00000, 0x00000007c0000000)
  eden space 222208K, 35% used [0x0000000715b00000,0x000000071a8a0378,0x0000000723400000)
  from space 15872K, 0% used [0x0000000724e80000,0x0000000724e80000,0x0000000725e00000)
  to   space 21504K, 0% used [0x0000000723400000,0x0000000723400000,0x0000000724900000)
 ParOldGen       total 324096K, used 27222K [0x00000005c1000000, 0x00000005d4c80000, 0x0000000715b00000)
  object space 324096K, 8% used [0x00000005c1000000,0x00000005c2a95818,0x00000005d4c80000)
 Metaspace       used 56607K, capacity 60996K, committed 61184K, reserved 1101824K
  class space    used 7709K, capacity 8439K, committed 8448K, reserved 1048576K
GC Heap History (10 events):
Event: 2.162 GC heap before
{Heap before GC invocations=5 (full 1):
 PSYoungGen      total 153088K, used 122027K [0x0000000715b00000, 0x0000000726380000, 0x00000007c0000000)
  eden space 131584K, 84% used [0x0000000715b00000,0x000000071c81f3b8,0x000000071db80000)
  from space 21504K, 47% used [0x000000071db80000,0x000000071e58b900,0x000000071f080000)
  to   space 21504K, 0% used [0x0000000724e80000,0x0000000724e80000,0x0000000726380000)
 ParOldGen       total 165888K, used 6201K [0x00000005c1000000, 0x00000005cb200000, 0x0000000715b00000)
  object space 165888K, 3% used [0x00000005c1000000,0x00000005c160e488,0x00000005cb200000)
 Metaspace       used 33001K, capacity 35352K, committed 35496K, reserved 1079296K
  class space    used 4356K, capacity 4782K, committed 4864K, reserved 1048576K
Event: 2.169 GC heap after
Heap after GC invocations=5 (full 1):
 PSYoungGen      total 238080K, used 11580K [0x0000000715b00000, 0x0000000725e00000, 0x00000007c0000000)
  eden space 222208K, 0% used [0x0000000715b00000,0x0000000715b00000,0x0000000723400000)
  from space 15872K, 72% used [0x0000000724e80000,0x00000007259cf1a0,0x0000000725e00000)
  to   space 21504K, 0% used [0x0000000723400000,0x0000000723400000,0x0000000724900000)
 ParOldGen       total 165888K, used 6209K [0x00000005c1000000, 0x00000005cb200000, 0x0000000715b00000)
  object space 165888K, 3% used [0x00000005c1000000,0x00000005c1610488,0x00000005cb200000)
 Metaspace       used 33001K, capacity 35352K, committed 35496K, reserved 1079296K
  class space    used 4356K, capacity 4782K, committed 4864K, reserved 1048576K
}
Event: 2.169 GC heap before
{Heap before GC invocations=6 (full 2):
 PSYoungGen      total 238080K, used 11580K [0x0000000715b00000, 0x0000000725e00000, 0x00000007c0000000)
  eden space 222208K, 0% used [0x0000000715b00000,0x0000000715b00000,0x0000000723400000)
  from space 15872K, 72% used [0x0000000724e80000,0x00000007259cf1a0,0x0000000725e00000)
  to   space 21504K, 0% used [0x0000000723400000,0x0000000723400000,0x0000000724900000)
 ParOldGen       total 165888K, used 6209K [0x00000005c1000000, 0x00000005cb200000, 0x0000000715b00000)
  object space 165888K, 3% used [0x00000005c1000000,0x00000005c1610488,0x00000005cb200000)
 Metaspace       used 33001K, capacity 35352K, committed 35496K, reserved 1079296K
  class space    used 4356K, capacity 4782K, committed 4864K, reserved 1048576K
Event: 2.194 GC heap after
Heap after GC invocations=6 (full 2):
 PSYoungGen      total 238080K, used 0K [0x0000000715b00000, 0x0000000725e00000, 0x00000007c0000000)
  eden space 222208K, 0% used [0x0000000715b00000,0x0000000715b00000,0x0000000723400000)
  from space 15872K, 0% used [0x0000000724e80000,0x0000000724e80000,0x0000000725e00000)
  to   space 21504K, 0% used [0x0000000723400000,0x0000000723400000,0x0000000724900000)
 ParOldGen       total 235520K, used 16061K [0x00000005c1000000, 0x00000005cf600000, 0x0000000715b00000)
  object space 235520K, 6% used [0x00000005c1000000,0x00000005c1faf728,0x00000005cf600000)
 Metaspace       used 33001K, capacity 35352K, committed 35496K, reserved 1079296K
  class space    used 4356K, capacity 4782K, committed 4864K, reserved 1048576K
}
Event: 3.636 GC heap before
{Heap before GC invocations=7 (full 2):
 PSYoungGen      total 238080K, used 222208K [0x0000000715b00000, 0x0000000725e00000, 0x00000007c0000000)
  eden space 222208K, 100% used [0x0000000715b00000,0x0000000723400000,0x0000000723400000)
  from space 15872K, 0% used [0x0000000724e80000,0x0000000724e80000,0x0000000725e00000)
  to   space 21504K, 0% used [0x0000000723400000,0x0000000723400000,0x0000000724900000)
 ParOldGen       total 235520K, used 16061K [0x00000005c1000000, 0x00000005cf600000, 0x0000000715b00000)
  object space 235520K, 6% used [0x00000005c1000000,0x00000005c1faf728,0x00000005cf600000)
 Metaspace       used 51142K, capacity 54424K, committed 54656K, reserved 1095680K
  class space    used 6921K, capacity 7495K, committed 7552K, reserved 1048576K
Event: 3.648 GC heap after
Heap after GC invocations=7 (full 2):
 PSYoungGen      total 243712K, used 20192K [0x0000000715b00000, 0x0000000725e00000, 0x00000007c0000000)
  eden space 222208K, 0% used [0x0000000715b00000,0x0000000715b00000,0x0000000723400000)
  from space 21504K, 93% used [0x0000000723400000,0x00000007247b83c0,0x0000000724900000)
  to   space 15872K, 0% used [0x0000000724e80000,0x0000000724e80000,0x0000000725e00000)
 ParOldGen       total 235520K, used 16077K [0x00000005c1000000, 0x00000005cf600000, 0x0000000715b00000)
  object space 235520K, 6% used [0x00000005c1000000,0x00000005c1fb3728,0x00000005cf600000)
 Metaspace       used 51142K, capacity 54424K, committed 54656K, reserved 1095680K
  class space    used 6921K, capacity 7495K, committed 7552K, reserved 1048576K
}
Event: 4.310 GC heap before
{Heap before GC invocations=8 (full 2):
 PSYoungGen      total 243712K, used 153650K [0x0000000715b00000, 0x0000000725e00000, 0x00000007c0000000)
  eden space 222208K, 60% used [0x0000000715b00000,0x000000071dd54740,0x0000000723400000)
  from space 21504K, 93% used [0x0000000723400000,0x00000007247b83c0,0x0000000724900000)
  to   space 15872K, 0% used [0x0000000724e80000,0x0000000724e80000,0x0000000725e00000)
 ParOldGen       total 235520K, used 16077K [0x00000005c1000000, 0x00000005cf600000, 0x0000000715b00000)
  object space 235520K, 6% used [0x00000005c1000000,0x00000005c1fb3728,0x00000005cf600000)
 Metaspace       used 55056K, capacity 59022K, committed 59136K, reserved 1099776K
  class space    used 7430K, capacity 8078K, committed 8192K, reserved 1048576K
Event: 4.316 GC heap after
Heap after GC invocations=8 (full 2):
 PSYoungGen      total 238080K, used 15853K [0x0000000715b00000, 0x0000000725e00000, 0x00000007c0000000)
  eden space 222208K, 0% used [0x0000000715b00000,0x0000000715b00000,0x0000000723400000)
  from space 15872K, 99% used [0x0000000724e80000,0x0000000725dfb618,0x0000000725e00000)
  to   space 21504K, 0% used [0x0000000723400000,0x0000000723400000,0x0000000724900000)
 ParOldGen       total 235520K, used 17141K [0x00000005c1000000, 0x00000005cf600000, 0x0000000715b00000)
  object space 235520K, 7% used [0x00000005c1000000,0x00000005c20bd628,0x00000005cf600000)
 Metaspace       used 55056K, capacity 59022K, committed 59136K, reserved 1099776K
  class space    used 7430K, capacity 8078K, committed 8192K, reserved 1048576K
}
Event: 4.316 GC heap before
{Heap before GC invocations=9 (full 3):
 PSYoungGen      total 238080K, used 15853K [0x0000000715b00000, 0x0000000725e00000, 0x00000007c0000000)
  eden space 222208K, 0% used [0x0000000715b00000,0x0000000715b00000,0x0000000723400000)
  from space 15872K, 99% used [0x0000000724e80000,0x0000000725dfb618,0x0000000725e00000)
  to   space 21504K, 0% used [0x0000000723400000,0x0000000723400000,0x0000000724900000)
 ParOldGen       total 235520K, used 17141K [0x00000005c1000000, 0x00000005cf600000, 0x0000000715b00000)
  object space 235520K, 7% used [0x00000005c1000000,0x00000005c20bd628,0x00000005cf600000)
 Metaspace       used 55056K, capacity 59022K, committed 59136K, reserved 1099776K
  class space    used 7430K, capacity 8078K, committed 8192K, reserved 1048576K
Event: 4.431 GC heap after
Heap after GC invocations=9 (full 3):
 PSYoungGen      total 238080K, used 0K [0x0000000715b00000, 0x0000000725e00000, 0x00000007c0000000)
  eden space 222208K, 0% used [0x0000000715b00000,0x0000000715b00000,0x0000000723400000)
  from space 15872K, 0% used [0x0000000724e80000,0x0000000724e80000,0x0000000725e00000)
  to   space 21504K, 0% used [0x0000000723400000,0x0000000723400000,0x0000000724900000)
 ParOldGen       total 324096K, used 27222K [0x00000005c1000000, 0x00000005d4c80000, 0x0000000715b00000)
  object space 324096K, 8% used [0x00000005c1000000,0x00000005c2a95818,0x00000005d4c80000)
 Metaspace       used 55056K, capacity 59022K, committed 59136K, reserved 1099776K
  class space    used 7430K, capacity 8078K, committed 8192K, reserved 1048576K
}

